# JRE version: Java(TM) SE Runtime Environment (8.0_131-b11) (build 1.8.0_131-b11)
# Java VM: Java HotSpot(TM) 64-Bit Server VM (25.131-b11 mixed mode linux-amd64 compressed oops)
Heap:
 PSYoungGen      total 36864K, used 36641K [0x00000000d6c00000, 0x00000000d9d80000, 0x0000000100000000)
  eden space 31744K, 99% used [0x00000000d6c00000,0x00000000d8acf3f0,0x00000000d8b00000)
  from space 5120K, 99% used [0x00000000d8b00000,0x00000000d8ff9078,0x00000000d9000000)
  to   space 5120K, 0% used [0x00000000d9880000,0x00000000d9880000,0x00000000d9d80000)
 ParOldGen       total 69120K, used 15551K [0x0000000084400000, 0x0000000088780000, 0x00000000d6c00000)
  object space 69120K, 22% used [0x0000000084400000,0x000000008532fc70,0x0000000088780000)
 Metaspace       used 24041K, capacity 25962K, committed 26240K, reserved 1071104K
  class space    used 3496K, capacity 3869K, committed 3968K, reserved 1048576K
GC Heap History (8 events):
Event: 1,039 GC heap before
{Heap before GC invocations=1 (full 0):
 PSYoungGen      total 36864K, used 31744K [0x00000000d6c00000, 0x00000000d9500000, 0x0000000100000000)
  eden space 31744K, 100% used [0x00000000d6c00000,0x00000000d8b00000,0x00000000d8b00000)
  from space 5120K, 0% used [0x00000000d9000000,0x00000000d9000000,0x00000000d9500000)
  to   space 5120K, 0% used [0x00000000d8b00000,0x00000000d8b00000,0x00000000d9000000)
 ParOldGen       total 84992K, used 0K [0x0000000084400000, 0x0000000089700000, 0x00000000d6c00000)
  object space 84992K, 0% used [0x0000000084400000,0x0000000084400000,0x0000000089700000)
 Metaspace       used 13408K, capacity 13948K, committed 14080K, reserved 1060864K
  class space    used 1783K, capacity 1936K, committed 2048K, reserved 1048576K
Event: 1,043 GC heap after
Heap after GC invocations=1 (full 0):
 PSYoungGen      total 36864K, used 5090K [0x00000000d6c00000, 0x00000000d9500000, 0x0000000100000000)
  eden space 31744K, 0% used [0x00000000d6c00000,0x00000000d6c00000,0x00000000d8b00000)
  from space 5120K, 99% used [0x00000000d8b00000,0x00000000d8ff89c8,0x00000000d9000000)
  to   space 5120K, 0% used [0x00000000d9000000,0x00000000d9000000,0x00000000d9500000)
 ParOldGen       total 84992K, used 306K [0x0000000084400000, 0x0000000089700000, 0x00000000d6c00000)
  object space 84992K, 0% used [0x0000000084400000,0x000000008444c8b0,0x0000000089700000)
 Metaspace       used 13408K, capacity 13948K, committed 14080K, reserved 1060864K
  class space    used 1783K, capacity 1936K, committed 2048K, reserved 1048576K
}
Event: 1,515 GC heap before
{Heap before GC invocations=2 (full 0):
 PSYoungGen      total 36864K, used 35903K [0x00000000d6c00000, 0x00000000d9500000, 0x0000000100000000)
  eden space 31744K, 97% used [0x00000000d6c00000,0x00000000d8a17438,0x00000000d8b00000)
  from space 5120K, 99% used [0x00000000d8b00000,0x00000000d8ff89c8,0x00000000d9000000)
  to   space 5120K, 0% used [0x00000000d9000000,0x00000000d9000000,0x00000000d9500000)
 ParOldGen       total 84992K, used 306K [0x0000000084400000, 0x0000000089700000, 0x00000000d6c00000)
  object space 84992K, 0% used [0x0000000084400000,0x000000008444c8b0,0x0000000089700000)
 Metaspace       used 19949K, capacity 21244K, committed 21296K, reserved 1067008K
  class space    used 3011K, capacity 3300K, committed 3328K, reserved 1048576K
Event: 1,525 GC heap after
Heap after GC invocations=2 (full 0):
 PSYoungGen      total 36864K, used 5119K [0x00000000d6c00000, 0x00000000db400000, 0x0000000100000000)
  eden space 31744K, 0% used [0x00000000d6c00000,0x00000000d6c00000,0x00000000d8b00000)
  from space 5120K, 99% used [0x00000000d9000000,0x00000000d94ffda0,0x00000000d9500000)
  to   space 5120K, 0% used [0x00000000d8b00000,0x00000000d8b00000,0x00000000d9000000)
 ParOldGen       total 84992K, used 4949K [0x0000000084400000, 0x0000000089700000, 0x00000000d6c00000)
  object space 84992K, 5% used [0x0000000084400000,0x00000000848d55f8,0x0000000089700000)
 Metaspace       used 19949K, capacity 21244K, committed 21296K, reserved 1067008K
  class space    used 3011K, capacity 3300K, committed 3328K, reserved 1048576K
}
Event: 1,525 GC heap before
{Heap before GC invocations=3 (full 1):
 PSYoungGen      total 36864K, used 5119K [0x00000000d6c00000, 0x00000000db400000, 0x0000000100000000)
  eden space 31744K, 0% used [0x00000000d6c00000,0x00000000d6c00000,0x00000000d8b00000)
  from space 5120K, 99% used [0x00000000d9000000,0x00000000d94ffda0,0x00000000d9500000)
  to   space 5120K, 0% used [0x00000000d8b00000,0x00000000d8b00000,0x00000000d9000000)
 ParOldGen       total 84992K, used 4949K [0x0000000084400000, 0x0000000089700000, 0x00000000d6c00000)
  object space 84992K, 5% used [0x0000000084400000,0x00000000848d55f8,0x0000000089700000)
 Metaspace       used 19949K, capacity 21244K, committed 21296K, reserved 1067008K
  class space    used 3011K, capacity 3300K, committed 3328K, reserved 1048576K
Event: 1,562 GC heap after
Heap after GC invocations=3 (full 1):
 PSYoungGen      total 36864K, used 0K [0x00000000d6c00000, 0x00000000db400000, 0x0000000100000000)
  eden space 31744K, 0% used [0x00000000d6c00000,0x00000000d6c00000,0x00000000d8b00000)
  from space 5120K, 0% used [0x00000000d9000000,0x00000000d9000000,0x00000000d9500000)
  to   space 5120K, 0% used [0x00000000d8b00000,0x00000000d8b00000,0x00000000d9000000)
 ParOldGen       total 69120K, used 9758K [0x0000000084400000, 0x0000000088780000, 0x00000000d6c00000)
  object space 69120K, 14% used [0x0000000084400000,0x0000000084d87828,0x0000000088780000)
 Metaspace       used 19949K, capacity 21244K, committed 21296K, reserved 1067008K
  class space    used 3011K, capacity 3300K, committed 3328K, reserved 1048576K
}
Event: 5,797 GC heap before
{Heap before GC invocations=4 (full 1):
 PSYoungGen      total 36864K, used 31359K [0x00000000d6c00000, 0x00000000db400000, 0x0000000100000000)
  eden space 31744K, 98% used [0x00000000d6c00000,0x00000000d8a9fc20,0x00000000d8b00000)
  from space 5120K, 0% used [0x00000000d9000000,0x00000000d9000000,0x00000000d9500000)
  to   space 5120K, 0% used [0x00000000d8b00000,0x00000000d8b00000,0x00000000d9000000)
 ParOldGen       total 69120K, used 9758K [0x0000000084400000, 0x0000000088780000, 0x00000000d6c00000)
  object space 69120K, 14% used [0x0000000084400000,0x0000000084d87828,0x0000000088780000)
 Metaspace       used 23246K, capacity 25006K, committed 25088K, reserved 1071104K
  class space    used 3407K, capacity 3767K, committed 3840K, reserved 1048576K
Event: 5,802 GC heap after
Heap after GC invocations=4 (full 1):
 PSYoungGen      total 36864K, used 5092K [0x00000000d6c00000, 0x00000000d9d80000, 0x0000000100000000)
  eden space 31744K, 0% used [0x00000000d6c00000,0x00000000d6c00000,0x00000000d8b00000)
  from space 5120K, 99% used [0x00000000d8b00000,0x00000000d8ff9078,0x00000000d9000000)
  to   space 5120K, 0% used [0x00000000d9880000,0x00000000d9880000,0x00000000d9d80000)
 ParOldGen       total 69120K, used 15551K [0x0000000084400000, 0x0000000088780000, 0x00000000d6c00000)
  object space 69120K, 22% used [0x0000000084400000,0x000000008532fc70,0x0000000088780000)
 Metaspace       used 23246K, capacity 25006K, committed 25088K, reserved 1071104K
  class space    used 3407K, capacity 3767K, committed 3840K, reserved 1048576K
}

